<?xml version="1.0" encoding="UTF-8"?>
<!-- Generated by org.testng.reporters.JUnitXMLReporter -->
<testsuite hostname="INWS03011-02" ignored="0" name="DataProviderTest" tests="3" failures="0" timestamp="03 Jun 2021 05:32:49 GMT" time="0.01" errors="0">
  <testcase name="test" time="0.001" classname="com.project.test.Testcases.DataProviderInTestNG"/>
  <testcase name="test" time="0.001" classname="com.project.test.Testcases.DataProviderInTestNG"/>
  <testcase name="test" time="0.001" classname="com.project.test.Testcases.DataProviderInTestNG"/>
</testsuite> <!-- DataProviderTest -->
