<?xml version="1.0" encoding="UTF-8"?>
<!-- Generated by org.testng.reporters.JUnitXMLReporter -->
<testsuite hostname="INWS03011-02" ignored="1" name="EnableAndDisabled" tests="1" failures="0" timestamp="03 Jun 2021 05:32:49 GMT" time="0.004" errors="0">
  <testcase name="test1" time="0.002" classname="com.project.test.Testcases.EnableAndDisable"/>
  <testcase name="test2" time="0.0" classname="com.project.test.Testcases.EnableAndDisable">
    <ignored/>
  </testcase> <!-- test2 -->
</testsuite> <!-- EnableAndDisabled -->
