<?xml version="1.0" encoding="UTF-8"?>
<!-- Generated by org.testng.reporters.JUnitXMLReporter -->
<testsuite hostname="INWS03011-02" ignored="0" name="Default test" tests="6" failures="0" timestamp="10 Jun 2021 13:32:26 GMT" time="0.074" errors="0">
  <testcase name="test1" time="0.01" classname="com.project.test.dataprovider.MultipleDataProvider"/>
  <testcase name="test1" time="0.001" classname="com.project.test.dataprovider.MultipleDataProvider"/>
  <testcase name="test1" time="0.001" classname="com.project.test.dataprovider.MultipleDataProvider"/>
  <testcase name="test2" time="0.001" classname="com.project.test.dataprovider.MultipleDataProvider"/>
  <testcase name="test2" time="0.001" classname="com.project.test.dataprovider.MultipleDataProvider"/>
  <testcase name="test2" time="0.001" classname="com.project.test.dataprovider.MultipleDataProvider"/>
</testsuite> <!-- Default test -->
