<?xml version="1.0" encoding="UTF-8"?>
<testng-results skipped="0" failed="0" ignored="0" total="6" passed="6">
  <reporter-output>
  </reporter-output>
  <suite name="Default suite" duration-ms="74" started-at="2021-06-10T13:32:26Z" finished-at="2021-06-10T13:32:26Z">
    <groups>
    </groups>
    <test name="Default test" duration-ms="74" started-at="2021-06-10T13:32:26Z" finished-at="2021-06-10T13:32:26Z">
      <class name="com.project.test.dataprovider.MultipleDataProvider">
        <test-method status="PASS" signature="test1(java.lang.String)[pri:0, instance:com.project.test.dataprovider.MultipleDataProvider@7cd62f43]" name="test1" duration-ms="10" started-at="2021-06-10T13:32:26Z" data-provider="getData" finished-at="2021-06-10T13:32:26Z">
          <params>
            <param index="0">
              <value>
                <![CDATA[manish]]>
              </value>
            </param>
          </params>
          <reporter-output>
          </reporter-output>
        </test-method> <!-- test1 -->
        <test-method status="PASS" signature="test1(java.lang.String)[pri:0, instance:com.project.test.dataprovider.MultipleDataProvider@7cd62f43]" name="test1" duration-ms="1" started-at="2021-06-10T13:32:26Z" data-provider="getData" finished-at="2021-06-10T13:32:26Z">
          <params>
            <param index="0">
              <value>
                <![CDATA[patidar]]>
              </value>
            </param>
          </params>
          <reporter-output>
          </reporter-output>
        </test-method> <!-- test1 -->
        <test-method status="PASS" signature="test1(java.lang.String)[pri:0, instance:com.project.test.dataprovider.MultipleDataProvider@7cd62f43]" name="test1" duration-ms="1" started-at="2021-06-10T13:32:26Z" data-provider="getData" finished-at="2021-06-10T13:32:26Z">
          <params>
            <param index="0">
              <value>
                <![CDATA[automation]]>
              </value>
            </param>
          </params>
          <reporter-output>
          </reporter-output>
        </test-method> <!-- test1 -->
        <test-method status="PASS" signature="test2(com.project.test.dataprovider.Employee)[pri:0, instance:com.project.test.dataprovider.MultipleDataProvider@7cd62f43]" name="test2" duration-ms="1" started-at="2021-06-10T13:32:26Z" data-provider="getDataEmp" finished-at="2021-06-10T13:32:26Z">
          <params>
            <param index="0">
              <value>
                <![CDATA[com.project.test.dataprovider.Employee@71bbf57e]]>
              </value>
            </param>
          </params>
          <reporter-output>
          </reporter-output>
        </test-method> <!-- test2 -->
        <test-method status="PASS" signature="test2(com.project.test.dataprovider.Employee)[pri:0, instance:com.project.test.dataprovider.MultipleDataProvider@7cd62f43]" name="test2" duration-ms="1" started-at="2021-06-10T13:32:26Z" data-provider="getDataEmp" finished-at="2021-06-10T13:32:26Z">
          <params>
            <param index="0">
              <value>
                <![CDATA[com.project.test.dataprovider.Employee@51cdd8a]]>
              </value>
            </param>
          </params>
          <reporter-output>
          </reporter-output>
        </test-method> <!-- test2 -->
        <test-method status="PASS" signature="test2(com.project.test.dataprovider.Employee)[pri:0, instance:com.project.test.dataprovider.MultipleDataProvider@7cd62f43]" name="test2" duration-ms="1" started-at="2021-06-10T13:32:26Z" data-provider="getDataEmp" finished-at="2021-06-10T13:32:26Z">
          <params>
            <param index="0">
              <value>
                <![CDATA[com.project.test.dataprovider.Employee@23faf8f2]]>
              </value>
            </param>
          </params>
          <reporter-output>
          </reporter-output>
        </test-method> <!-- test2 -->
      </class> <!-- com.project.test.dataprovider.MultipleDataProvider -->
    </test> <!-- Default test -->
  </suite> <!-- Default suite -->
</testng-results>
